<?xml version="1.0" encoding="UTF-8"?>
<!-- Generated by org.testng.reporters.JUnitReportReporter -->
<testsuite hostname="hp" failures="0" tests="1" name="qsp.Demo1" time="0.006" errors="0" timestamp="2024-08-14T14:32:06 IST" skipped="0">
  <testcase classname="qsp.Demo1" name="reverse" time="0.006"/>
  <system-out/>
</testsuite> <!-- qsp.Demo1 -->
